2021-01-21 16:59:46 INFO  LoginPage:30 - Login with MISQA username and windyCl@ss22 password
2021-01-21 17:09:22 INFO  LoginPage:30 - Login with MISQA username and windyCl@ss22 password
2021-01-21 17:10:39 INFO  LoginPage:30 - Login with MISQA username and windyCl@ss22 password
2021-01-21 17:11:21 INFO  LoginPage:30 - Login with MISQA username and windyCl@ss22 password
2021-01-21 17:12:00 INFO  LoginPage:30 - Login with MISQA username and windyCl@ss22 password
2021-01-21 17:13:14 INFO  LoginPage:30 - Login with MISQA username and windyCl@ss22 password
2021-01-21 17:14:39 INFO  LoginPage:30 - Login with MISQA username and windyCl@ss22 password
2021-01-22 07:59:56 INFO  LoginPage:30 - Login with MISQA username and windyCl@ss22 password
2021-01-22 08:01:45 INFO  LoginPage:30 - Login with MISQA username and windyCl@ss22 password
2021-01-22 08:01:51 INFO  BasePage:64 - Filled form with:
First Name: Carmela
Last Name: Dare
Date Of Birth: 01/08/1973
Service Address: 12472 SANDERLING TRCE, FISHERS
Contact Email: alphonse.gleason@gmail.com
Contact Phone Number: 613-689-4516
2021-01-22 08:02:25 INFO  LoginPage:61 - Filled form with:
Install Date: 01/22/2021
Install Time Choice: 
Service Start Dates (All): 01/22/2021
Order Placed Choice: Walk In
Order Notes: Automation

2021-01-22 08:03:40 INFO  OrderSummaryPage:40 - Subscriber Information:
Account Number: Account Number: 1630178
Name: Name: Carmela Dare
Service Address: Service Address: 12472 SANDERLING TRCE, FISHERS, IN 46037
Contact Phone: Phone: 613-689-4516
Contact Email: Email: alphonse.gleason@gmail.com

2021-01-22 08:03:45 INFO  BasePage:64 - Filled form with:
First Name: Ethan
Last Name: Heller
Date Of Birth: 12/01/1992
Service Address: 11256 HEARTHSTONE DR, FISHERS
Contact Email: iluminada.cartwright@gmail.com
Contact Phone Number: 185-517-0084
2021-01-22 08:04:13 INFO  LoginPage:61 - Filled form with:
Install Date: 01/22/2021
Install Time Choice: 
Service Start Dates (All): 01/22/2021
Order Placed Choice: Walk In
Order Notes: Automation

2021-01-22 08:05:25 INFO  OrderSummaryPage:40 - Subscriber Information:
Account Number: Account Number: 1630179
Name: Name: Ethan Heller
Service Address: Service Address: 11256 HEARTHSTONE DR, FISHERS, IN 46037
Contact Phone: Phone: 185-517-0084
Contact Email: Email: iluminada.cartwright@gmail.com

2021-01-22 08:05:33 INFO  BasePage:64 - Filled form with:
First Name: Nohemi
Last Name: Schiller
Date Of Birth: 03/18/2001
Service Address: 11499 FEATHER ROCK CT, FISHERS
Contact Email: lucrecia.wuckert@yahoo.com
Contact Phone Number: 264-693-0159
2021-01-22 08:06:12 INFO  LoginPage:61 - Filled form with:
Install Date: 01/22/2021
Install Time Choice: 
Service Start Dates (All): 01/22/2021
Order Placed Choice: Walk In
Order Notes: Automation

2021-01-22 08:07:21 INFO  OrderSummaryPage:40 - Subscriber Information:
Account Number: Account Number: 1630180
Name: Name: Nohemi Schiller
Service Address: Service Address: 11499 FEATHER ROCK CT, FISHERS, IN 46037
Contact Phone: Phone: 264-693-0159
Contact Email: Email: lucrecia.wuckert@yahoo.com

2021-01-22 08:07:27 INFO  BasePage:64 - Filled form with:
First Name: Lorean
Last Name: Beer
Date Of Birth: 09/29/1972
Service Address: 12662 ROCKY MOUNTAIN CT, FISHERS
Contact Email: jonathan.walter@yahoo.com
Contact Phone Number: 505-729-7499
2021-01-22 08:08:03 INFO  LoginPage:61 - Filled form with:
Install Date: 01/22/2021
Install Time Choice: 
Service Start Dates (All): 01/22/2021
Order Placed Choice: Walk In
Order Notes: Automation

2021-01-22 08:09:10 INFO  OrderSummaryPage:40 - Subscriber Information:
Account Number: Account Number: 1630181
Name: Name: Lorean Beer
Service Address: Service Address: 12662 ROCKY MOUNTAIN CT, FISHERS, IN 46037
Contact Phone: Phone: 505-729-7499
Contact Email: Email: jonathan.walter@yahoo.com

2021-01-22 08:09:14 INFO  BasePage:64 - Filled form with:
First Name: Charmain
Last Name: Nikolaus
Date Of Birth: 09/14/1972
Service Address: 12674 SEQUOIA STONE CT, FISHERS
Contact Email: sanjuana.roob@hotmail.com
Contact Phone Number: 545-411-1029
2021-01-22 08:09:41 INFO  LoginPage:61 - Filled form with:
Install Date: 01/22/2021
Install Time Choice: 
Service Start Dates (All): 01/22/2021
Order Placed Choice: Walk In
Order Notes: Automation

2021-01-22 08:10:54 INFO  OrderSummaryPage:40 - Subscriber Information:
Account Number: Account Number: 1630182
Name: Name: Charmain Nikolaus
Service Address: Service Address: 12674 SEQUOIA STONE CT, FISHERS, IN 46037
Contact Phone: Phone: 545-411-1029
Contact Email: Email: sanjuana.roob@hotmail.com

2021-01-22 08:10:58 INFO  BasePage:64 - Filled form with:
First Name: Jamaal
Last Name: Fisher
Date Of Birth: 01/05/1995
Service Address: 106 MEADOW LN, FISHERS
Contact Email: salome.hahn@yahoo.com
Contact Phone Number: 588-942-1147
2021-01-22 08:11:28 INFO  LoginPage:61 - Filled form with:
Install Date: 01/22/2021
Install Time Choice: 
Service Start Dates (All): 01/22/2021
Order Placed Choice: Walk In
Order Notes: Automation

2021-01-22 08:12:36 INFO  OrderSummaryPage:40 - Subscriber Information:
Account Number: Account Number: 1630183
Name: Name: Jamaal Fisher
Service Address: Service Address: 106 MEADOW LN, FISHERS, IN 46038
Contact Phone: Phone: 588-942-1147
Contact Email: Email: salome.hahn@yahoo.com

2021-01-22 08:12:41 INFO  BasePage:64 - Filled form with:
First Name: Thurman
Last Name: Beer
Date Of Birth: 12/16/1984
Service Address: 107 NORTHLAND ST, FISHERS
Contact Email: keena.mueller@hotmail.com
Contact Phone Number: 358-398-1965
2021-01-22 08:13:10 INFO  LoginPage:61 - Filled form with:
Install Date: 01/22/2021
Install Time Choice: 
Service Start Dates (All): 01/22/2021
Order Placed Choice: Walk In
Order Notes: Automation

2021-01-22 08:14:15 INFO  OrderSummaryPage:40 - Subscriber Information:
Account Number: Account Number: 1630184
Name: Name: Thurman Beer
Service Address: Service Address: 107 NORTHLAND ST, FISHERS, IN 46038
Contact Phone: Phone: 358-398-1965
Contact Email: Email: keena.mueller@hotmail.com

2021-01-22 08:14:22 INFO  BasePage:64 - Filled form with:
First Name: Vicky
Last Name: Rosenbaum
Date Of Birth: 11/18/1986
Service Address: 9977 NIAGARA DR, FISHERS
Contact Email: bruce.ortiz@yahoo.com
Contact Phone Number: 649-808-7357
2021-01-22 08:43:50 INFO  LoginPage:30 - Login with MISQA username and windyCl@ss22 password
2021-01-22 08:43:54 INFO  BasePage:64 - Filled form with:
First Name: Glenn
Last Name: Thompson
Date Of Birth: 08/18/1956
Service Address: 10849 WASHINGTON BAY DR, FISHERS
Contact Email: scott.mohr@hotmail.com
Contact Phone Number: 748-602-2298
2021-01-22 08:44:23 INFO  LoginPage:61 - Filled form with:
Install Date: 01/22/2021
Install Time Choice: 
Service Start Dates (All): 01/22/2021
Order Placed Choice: Walk In
Order Notes: Automation

2021-01-22 08:45:48 INFO  OrderSummaryPage:40 - Subscriber Information:
Account Number: Account Number: 1630186
Name: Name: Glenn Thompson
Service Address: Service Address: 10849 WASHINGTON BAY DR, FISHERS, IN 46037
Contact Phone: Phone: 748-602-2298
Contact Email: Email: scott.mohr@hotmail.com

2021-01-22 08:45:53 INFO  BasePage:64 - Filled form with:
First Name: Virgilio
Last Name: Mante
Date Of Birth: 03/07/1957
Service Address: 11468 KNIGHTSBRIDGE LN, FISHERS
Contact Email: rachel.lang@gmail.com
Contact Phone Number: 343-784-1530
2021-01-22 08:46:21 INFO  LoginPage:61 - Filled form with:
Install Date: 01/22/2021
Install Time Choice: 
Service Start Dates (All): 01/22/2021
Order Placed Choice: Walk In
Order Notes: Automation

2021-01-22 08:47:27 INFO  OrderSummaryPage:40 - Subscriber Information:
Account Number: Account Number: 1630187
Name: Name: Virgilio Mante
Service Address: Service Address: 11468 KNIGHTSBRIDGE LN, FISHERS, IN 46037
Contact Phone: Phone: 343-784-1530
Contact Email: Email: rachel.lang@gmail.com

2021-01-22 08:47:31 INFO  BasePage:64 - Filled form with:
First Name: Laurine
Last Name: Bode
Date Of Birth: 11/11/1992
Service Address: 9645 WOODLANDS DR, FISHERS
Contact Email: natasha.cormier@gmail.com
Contact Phone Number: 135-989-3319
2021-01-22 08:48:01 INFO  LoginPage:61 - Filled form with:
Install Date: 01/22/2021
Install Time Choice: 
Service Start Dates (All): 01/22/2021
Order Placed Choice: Walk In
Order Notes: Automation

2021-01-22 08:49:09 INFO  OrderSummaryPage:40 - Subscriber Information:
Account Number: Account Number: 1630188
Name: Name: Laurine Bode
Service Address: Service Address: 9645 WOODLANDS DR, FISHERS, IN 46037
Contact Phone: Phone: 135-989-3319
Contact Email: Email: natasha.cormier@gmail.com

2021-01-22 08:49:13 INFO  BasePage:64 - Filled form with:
First Name: Rosina
Last Name: Mann
Date Of Birth: 12/22/1995
Service Address: 11222 TREYBURN DR, FISHERS
Contact Email: sandy.lueilwitz@yahoo.com
Contact Phone Number: 423-774-9869
2021-01-22 08:49:40 INFO  LoginPage:61 - Filled form with:
Install Date: 01/22/2021
Install Time Choice: 
Service Start Dates (All): 01/22/2021
Order Placed Choice: Walk In
Order Notes: Automation

2021-01-22 08:50:48 INFO  OrderSummaryPage:40 - Subscriber Information:
Account Number: Account Number: 1630189
Name: Name: Rosina Mann
Service Address: Service Address: 11222 TREYBURN DR, FISHERS, IN 46037
Contact Phone: Phone: 423-774-9869
Contact Email: Email: sandy.lueilwitz@yahoo.com

2021-01-22 08:50:53 INFO  BasePage:64 - Filled form with:
First Name: Jacques
Last Name: Weissnat
Date Of Birth: 01/25/1973
Service Address: 6422 STRATFORD DR N, FISHERS
Contact Email: bryce.kub@yahoo.com
Contact Phone Number: 591-703-8023
2021-01-22 08:51:20 INFO  LoginPage:61 - Filled form with:
Install Date: 01/22/2021
Install Time Choice: 
Service Start Dates (All): 01/22/2021
Order Placed Choice: Walk In
Order Notes: Automation

2021-01-22 08:52:30 INFO  OrderSummaryPage:40 - Subscriber Information:
Account Number: Account Number: 1630190
Name: Name: Jacques Weissnat
Service Address: Service Address: 6422 STRATFORD DR N, FISHERS, IN 46038
Contact Phone: Phone: 591-703-8023
Contact Email: Email: bryce.kub@yahoo.com

2021-01-22 08:52:35 INFO  BasePage:64 - Filled form with:
First Name: Marcus
Last Name: Kiehn
Date Of Birth: 01/12/1990
Service Address: 6423 FRANKLIN CT, FISHERS
Contact Email: damion.wilkinson@hotmail.com
Contact Phone Number: 929-305-7720
2021-01-22 08:53:05 INFO  LoginPage:61 - Filled form with:
Install Date: 01/22/2021
Install Time Choice: 
Service Start Dates (All): 01/22/2021
Order Placed Choice: Walk In
Order Notes: Automation

2021-01-22 08:54:14 INFO  OrderSummaryPage:40 - Subscriber Information:
Account Number: Account Number: 1630192
Name: Name: Marcus Kiehn
Service Address: Service Address: 6423 FRANKLIN CT, FISHERS, IN 46038
Contact Phone: Phone: 929-305-7720
Contact Email: Email: damion.wilkinson@hotmail.com

2021-01-22 08:54:22 INFO  BasePage:64 - Filled form with:
First Name: Chi
Last Name: Torphy
Date Of Birth: 09/04/1964
Service Address: 10728 INDIGO CT, FISHERS
Contact Email: luna.daniel@yahoo.com
Contact Phone Number: 691-566-5876
2021-01-22 08:54:51 INFO  LoginPage:61 - Filled form with:
Install Date: 01/22/2021
Install Time Choice: 
Service Start Dates (All): 01/22/2021
Order Placed Choice: Walk In
Order Notes: Automation

2021-01-22 08:55:59 INFO  OrderSummaryPage:40 - Subscriber Information:
Account Number: Account Number: 1630193
Name: Name: Chi Torphy
Service Address: Service Address: 10728 INDIGO CT, FISHERS, IN 46038
Contact Phone: Phone: 691-566-5876
Contact Email: Email: luna.daniel@yahoo.com

2021-01-22 08:56:03 INFO  BasePage:64 - Filled form with:
First Name: Bennie
Last Name: Parker
Date Of Birth: 07/10/2000
Service Address: 10059 KINGSTON CT, FISHERS
Contact Email: pat.cummerata@hotmail.com
Contact Phone Number: 956-158-7879
2021-01-22 08:56:30 INFO  LoginPage:61 - Filled form with:
Install Date: 01/22/2021
Install Time Choice: 
Service Start Dates (All): 01/22/2021
Order Placed Choice: Walk In
Order Notes: Automation

2021-01-22 08:57:36 INFO  OrderSummaryPage:40 - Subscriber Information:
Account Number: Account Number: 1630194
Name: Name: Bennie Parker
Service Address: Service Address: 10059 KINGSTON CT, FISHERS, IN 46037
Contact Phone: Phone: 956-158-7879
Contact Email: Email: pat.cummerata@hotmail.com

2021-01-22 08:57:40 INFO  BasePage:64 - Filled form with:
First Name: Ela
Last Name: Kulas
Date Of Birth: 03/25/1981
Service Address: 10074 DEERING ST, FISHERS
Contact Email: theodore.mcglynn@gmail.com
Contact Phone Number: 468-403-6590
2021-01-22 08:58:08 INFO  LoginPage:61 - Filled form with:
Install Date: 01/22/2021
Install Time Choice: 
Service Start Dates (All): 01/22/2021
Order Placed Choice: Walk In
Order Notes: Automation

2021-01-22 08:59:17 INFO  OrderSummaryPage:40 - Subscriber Information:
Account Number: Account Number: 1630195
Name: Name: Ela Kulas
Service Address: Service Address: 10074 DEERING ST, FISHERS, IN 46037
Contact Phone: Phone: 468-403-6590
Contact Email: Email: theodore.mcglynn@gmail.com

2021-01-22 09:10:05 INFO  LoginPage:30 - Login with MISQA username and windyCl@ss22 password
2021-01-22 09:10:10 INFO  BasePage:64 - Filled form with:
First Name: Nicky
Last Name: Bins
Date Of Birth: 01/02/1973
Service Address: 6525 MANCHESTER DR, FISHERS
Contact Email: erich.donnelly@hotmail.com
Contact Phone Number: 073-403-6231
2021-01-22 09:10:42 INFO  LoginPage:61 - Filled form with:
Install Date: 01/22/2021
Install Time Choice: 
Service Start Dates (All): 01/22/2021
Order Placed Choice: Walk In
Order Notes: Automation

2021-01-22 09:11:54 INFO  OrderSummaryPage:40 - Subscriber Information:
Account Number: Account Number: 1630196
Name: Name: Nicky Bins
Service Address: Service Address: 6525 MANCHESTER DR, FISHERS, IN 46038
Contact Phone: Phone: 734036231
Contact Email: Email: erich.donnelly@hotmail.com

2021-01-22 09:12:00 INFO  BasePage:64 - Filled form with:
First Name: Yvette
Last Name: Hoppe
Date Of Birth: 09/25/1973
Service Address: 10738 BLUEGRASS CT, FISHERS
Contact Email: jami.hermiston@yahoo.com
Contact Phone Number: 961-403-5031
2021-01-22 09:12:31 INFO  LoginPage:61 - Filled form with:
Install Date: 01/22/2021
Install Time Choice: 
Service Start Dates (All): 01/22/2021
Order Placed Choice: Walk In
Order Notes: Automation

2021-01-22 09:13:39 INFO  OrderSummaryPage:40 - Subscriber Information:
Account Number: Account Number: 1630197
Name: Name: Yvette Hoppe
Service Address: Service Address: 10738 BLUEGRASS CT, FISHERS, IN 46038
Contact Phone: Phone: 961-403-5031
Contact Email: Email: jami.hermiston@yahoo.com

2021-01-22 09:13:43 INFO  BasePage:64 - Filled form with:
First Name: Priscilla
Last Name: Kuhic
Date Of Birth: 01/13/1958
Service Address: 10774 THISTLE RDG, FISHERS
Contact Email: ngoc.witting@hotmail.com
Contact Phone Number: 701-652-6406
2021-01-22 09:18:59 INFO  LoginPage:30 - Login with MISQA username and windyCl@ss22 password
2021-01-22 09:19:03 INFO  BasePage:64 - Filled form with:
First Name: Marybelle
Last Name: Grant
Date Of Birth: 04/07/1999
Service Address: 11740 MADDEN LN, FISHERS
Contact Email: sammie.koelpin@hotmail.com
Contact Phone Number: 671-070-6436
2021-01-22 09:20:15 INFO  LoginPage:30 - Login with MISQA username and windyCl@ss22 password
2021-01-22 09:20:19 INFO  BasePage:64 - Filled form with:
First Name: Vance
Last Name: Hermann
Date Of Birth: 07/02/1976
Service Address: 8416 MANSHIP DR, FISHERS
Contact Email: bret.mitchell@yahoo.com
Contact Phone Number: 612-091-7021
2021-01-22 09:20:47 INFO  LoginPage:61 - Filled form with:
Install Date: 01/23/2021
Install Time Choice: 
Service Start Dates (All): 01/23/2021
Order Placed Choice: Walk In
Order Notes: Automation

2021-01-22 09:21:56 INFO  OrderSummaryPage:40 - Subscriber Information:
Account Number: Account Number: 1630200
Name: Name: Vance Hermann
Service Address: Service Address: 8416 MANSHIP DR, FISHERS, IN 46038
Contact Phone: Phone: 612-091-7021
Contact Email: Email: bret.mitchell@yahoo.com

2021-01-22 09:22:00 INFO  BasePage:64 - Filled form with:
First Name: Gaylord
Last Name: Wilkinson
Date Of Birth: 10/06/1990
Service Address: 10966 CUMBERLAND RD, FISHERS
Contact Email: marlene.ritchie@hotmail.com
Contact Phone Number: 113-019-6324
2021-01-22 09:22:29 INFO  LoginPage:61 - Filled form with:
Install Date: 01/23/2021
Install Time Choice: 
Service Start Dates (All): 01/23/2021
Order Placed Choice: Walk In
Order Notes: Automation

2021-01-22 09:23:02 INFO  OrderSummaryPage:40 - Subscriber Information:
Account Number: Account Number: 1630201
Name: Name: Gaylord Wilkinson
Service Address: Service Address: 10966 CUMBERLAND RD, FISHERS, IN 46037
Contact Phone: Phone: 113-019-6324
Contact Email: Email: marlene.ritchie@hotmail.com

2021-01-22 09:23:06 INFO  BasePage:64 - Filled form with:
First Name: Wynell
Last Name: Stroman
Date Of Birth: 05/04/1972
Service Address: 11026 SILVERTREE CT, FISHERS
Contact Email: oralee.mckenzie@hotmail.com
Contact Phone Number: 617-723-7595
2021-01-22 09:23:34 INFO  LoginPage:61 - Filled form with:
Install Date: 01/23/2021
Install Time Choice: 
Service Start Dates (All): 01/23/2021
Order Placed Choice: Walk In
Order Notes: Automation

2021-01-22 09:24:44 INFO  OrderSummaryPage:40 - Subscriber Information:
Account Number: Account Number: 1630202
Name: Name: Wynell Stroman
Service Address: Service Address: 11026 SILVERTREE CT, FISHERS, IN 46037
Contact Phone: Phone: 617-723-7595
Contact Email: Email: oralee.mckenzie@hotmail.com

2021-01-22 09:24:49 INFO  BasePage:64 - Filled form with:
First Name: Antone
Last Name: Hermann
Date Of Birth: 06/08/1995
Service Address: 9830 DEERING ST, FISHERS
Contact Email: demetrius.stoltenberg@gmail.com
Contact Phone Number: 825-547-3524
2021-01-22 09:25:20 INFO  LoginPage:61 - Filled form with:
Install Date: 01/23/2021
Install Time Choice: 
Service Start Dates (All): 01/23/2021
Order Placed Choice: Walk In
Order Notes: Automation

2021-01-22 09:26:31 INFO  OrderSummaryPage:40 - Subscriber Information:
Account Number: Account Number: 1630203
Name: Name: Antone Hermann
Service Address: Service Address: 9830 DEERING ST, FISHERS, IN 46037
Contact Phone: Phone: 825-547-3524
Contact Email: Email: demetrius.stoltenberg@gmail.com

2021-01-22 09:26:38 INFO  BasePage:64 - Filled form with:
First Name: Willetta
Last Name: Johnston
Date Of Birth: 06/15/1970
Service Address: 10381 GLENN ABBEY LN, FISHERS
Contact Email: abel.daniel@yahoo.com
Contact Phone Number: 536-218-2930
2021-01-22 09:27:06 INFO  LoginPage:61 - Filled form with:
Install Date: 01/23/2021
Install Time Choice: 
Service Start Dates (All): 01/23/2021
Order Placed Choice: Walk In
Order Notes: Automation

2021-01-22 09:28:14 INFO  OrderSummaryPage:40 - Subscriber Information:
Account Number: Account Number: 1630204
Name: Name: Willetta Johnston
Service Address: Service Address: 10381 GLENN ABBEY LN, FISHERS, IN 46037
Contact Phone: Phone: 536-218-2930
Contact Email: Email: abel.daniel@yahoo.com

2021-01-22 09:28:20 INFO  BasePage:64 - Filled form with:
First Name: Efren
Last Name: Strosin
Date Of Birth: 09/20/1981
Service Address: 7168 WOODGATE DR, FISHERS
Contact Email: calvin.leannon@yahoo.com
Contact Phone Number: 570-918-7480
2021-01-22 09:28:46 INFO  LoginPage:61 - Filled form with:
Install Date: 01/23/2021
Install Time Choice: 
Service Start Dates (All): 01/23/2021
Order Placed Choice: Walk In
Order Notes: Automation

2021-01-22 09:29:56 INFO  OrderSummaryPage:40 - Subscriber Information:
Account Number: Account Number: 1630205
Name: Name: Efren Strosin
Service Address: Service Address: 7168 WOODGATE DR, FISHERS, IN 46038
Contact Phone: Phone: 570-918-7480
Contact Email: Email: calvin.leannon@yahoo.com

2021-01-22 09:30:00 INFO  BasePage:64 - Filled form with:
First Name: Aleta
Last Name: Kub
Date Of Birth: 05/24/1998
Service Address: 7178 WOODGATE DR, FISHERS
Contact Email: gail.purdy@gmail.com
Contact Phone Number: 921-449-6753
2021-01-22 09:30:30 INFO  LoginPage:61 - Filled form with:
Install Date: 01/23/2021
Install Time Choice: 
Service Start Dates (All): 01/23/2021
Order Placed Choice: Walk In
Order Notes: Automation

2021-01-22 09:31:42 INFO  OrderSummaryPage:40 - Subscriber Information:
Account Number: Account Number: 1630206
Name: Name: Aleta Kub
Service Address: Service Address: 7178 WOODGATE DR, FISHERS, IN 46038
Contact Phone: Phone: 921-449-6753
Contact Email: Email: gail.purdy@gmail.com

2021-01-22 09:31:46 INFO  BasePage:64 - Filled form with:
First Name: Gustavo
Last Name: Kunze
Date Of Birth: 04/02/1969
Service Address: 7508 WOOD CT, FISHERS
Contact Email: ricki.swift@hotmail.com
Contact Phone Number: 135-976-2624
2021-01-22 09:32:16 INFO  LoginPage:61 - Filled form with:
Install Date: 01/23/2021
Install Time Choice: 
Service Start Dates (All): 01/23/2021
Order Placed Choice: Walk In
Order Notes: Automation

2021-01-22 09:33:24 INFO  OrderSummaryPage:40 - Subscriber Information:
Account Number: Account Number: 1630207
Name: Name: Gustavo Kunze
Service Address: Service Address: 7508 WOOD CT, FISHERS, IN 46038
Contact Phone: Phone: 135-976-2624
Contact Email: Email: ricki.swift@hotmail.com

2021-01-22 09:33:29 INFO  BasePage:64 - Filled form with:
First Name: Fannie
Last Name: Hayes
Date Of Birth: 10/31/1988
Service Address: 10254 RED TAIL DR, FISHERS
Contact Email: bebe.oconner@gmail.com
Contact Phone Number: 458-773-2464
2021-01-22 09:33:56 INFO  LoginPage:61 - Filled form with:
Install Date: 01/23/2021
Install Time Choice: 
Service Start Dates (All): 01/23/2021
Order Placed Choice: Walk In
Order Notes: Automation

2021-01-22 09:35:05 INFO  OrderSummaryPage:40 - Subscriber Information:
Account Number: Account Number: 1630208
Name: Name: Fannie Hayes
Service Address: Service Address: 10254 RED TAIL DR, FISHERS, IN 46037
Contact Phone: Phone: 458-773-2464
Contact Email: Email: bebe.oconner@gmail.com

2021-01-22 09:56:59 INFO  LoginPage:30 - Login with MISQA username and windyCl@ss22 password
2021-01-22 09:57:04 INFO  BasePage:64 - Filled form with:
First Name: Gilberto
Last Name: Hayes
Date Of Birth: 05/30/1962
Service Address: 10823 MOORS END CIR, FISHERS
Contact Email: tomas.grant@gmail.com
Contact Phone Number: 970-080-2805
2021-01-22 09:57:36 INFO  LoginPage:61 - Filled form with:
Install Date: 01/23/2021
Install Time Choice: 8:00 AM - 10:00 AM
Service Start Dates (All): 01/23/2021
Order Placed Choice: Walk In
Order Notes: Automation

2021-01-22 09:58:42 INFO  OrderSummaryPage:40 - Subscriber Information:
Account Number: Account Number: 1630209
Name: Name: Gilberto Hayes
Service Address: Service Address: 10823 MOORS END CIR, FISHERS, IN 46038
Contact Phone: Phone: 970-080-2805
Contact Email: Email: tomas.grant@gmail.com

2021-01-22 10:13:50 INFO  LoginPage:30 - Login with MISQA username and windyCl@ss22 password
2021-01-22 10:13:54 INFO  BasePage:64 - Filled form with:
First Name: Marcelene
Last Name: Schroeder
Date Of Birth: 12/29/1962
Service Address: 10858 DAVIS WAY, FISHERS
Contact Email: madlyn.schmidt@hotmail.com
Contact Phone Number: 706-530-7359
2021-01-22 10:14:33 INFO  LoginPage:61 - Filled form with:
Install Date: 01/23/2021
Install Time Choice: 8:00 AM - 10:00 AM
Service Start Dates (All): 01/23/2021
Order Placed Choice: Walk In
Order Notes: Automation

2021-01-22 10:15:43 INFO  OrderSummaryPage:39 - Subscriber Information:
Account Number: Account Number: 1630210
Name: Name: Marcelene Schroeder
Service Address: Service Address: 10858 DAVIS WAY, FISHERS, IN 46038
Contact Phone: Phone: 706-530-7359
Contact Email: Email: madlyn.schmidt@hotmail.com

2021-01-22 10:15:48 INFO  BasePage:64 - Filled form with:
First Name: Andres
Last Name: Smitham
Date Of Birth: 10/08/1985
Service Address: 8534 MORGAN DR, FISHERS
Contact Email: deanna.dooley@hotmail.com
Contact Phone Number: 784-776-1599
2021-01-22 10:16:16 INFO  LoginPage:61 - Filled form with:
Install Date: 01/23/2021
Install Time Choice: 8:00 AM - 10:00 AM
Service Start Dates (All): 01/23/2021
Order Placed Choice: Walk In
Order Notes: Automation

2021-01-22 10:17:24 INFO  OrderSummaryPage:39 - Subscriber Information:
Account Number: Account Number: 1630211
Name: Name: Andres Smitham
Service Address: Service Address: 8534 MORGAN DR, FISHERS, IN 46038
Contact Phone: Phone: 784-776-1599
Contact Email: Email: deanna.dooley@hotmail.com

2021-01-22 10:17:28 INFO  BasePage:64 - Filled form with:
First Name: Ashlie
Last Name: Gibson
Date Of Birth: 04/30/1968
Service Address: 11467 SONGBIRD LN, FISHERS
Contact Email: olen.mertz@hotmail.com
Contact Phone Number: 471-150-5780
2021-01-22 10:17:57 INFO  LoginPage:61 - Filled form with:
Install Date: 01/23/2021
Install Time Choice: 8:00 AM - 10:00 AM
Service Start Dates (All): 01/23/2021
Order Placed Choice: Walk In
Order Notes: Automation

2021-01-22 10:19:09 INFO  OrderSummaryPage:39 - Subscriber Information:
Account Number: Account Number: 1630212
Name: Name: Ashlie Gibson
Service Address: Service Address: 11467 SONGBIRD LN, FISHERS, IN 46038
Contact Phone: Phone: 471-150-5780
Contact Email: Email: olen.mertz@hotmail.com

2021-01-22 10:19:14 INFO  BasePage:64 - Filled form with:
First Name: Karry
Last Name: Koepp
Date Of Birth: 04/17/1994
Service Address: 60 FOREST RIDGE CT, FISHERS
Contact Email: lynna.hoeger@yahoo.com
Contact Phone Number: 685-340-9901
2021-01-22 10:19:45 INFO  LoginPage:61 - Filled form with:
Install Date: 01/23/2021
Install Time Choice: 8:00 AM - 10:00 AM
Service Start Dates (All): 01/23/2021
Order Placed Choice: Walk In
Order Notes: Automation

2021-01-22 10:20:50 INFO  OrderSummaryPage:39 - Subscriber Information:
Account Number: Account Number: 1630213
Name: Name: Karry Koepp
Service Address: Service Address: 60 FOREST RIDGE CT, FISHERS, IN 46037
Contact Phone: Phone: 685-340-9901
Contact Email: Email: lynna.hoeger@yahoo.com

2021-01-22 10:20:55 INFO  BasePage:64 - Filled form with:
First Name: Tracy
Last Name: Dickinson
Date Of Birth: 12/27/1972
Service Address: 10744 SPRINGSTON CT, FISHERS
Contact Email: oliver.bailey@yahoo.com
Contact Phone Number: 289-259-5131
2021-01-22 10:21:25 INFO  LoginPage:61 - Filled form with:
Install Date: 01/23/2021
Install Time Choice: 8:00 AM - 10:00 AM
Service Start Dates (All): 01/23/2021
Order Placed Choice: Walk In
Order Notes: Automation

2021-01-22 10:22:32 INFO  OrderSummaryPage:39 - Subscriber Information:
Account Number: Account Number: 1630214
Name: Name: Tracy Dickinson
Service Address: Service Address: 10744 SPRINGSTON CT, FISHERS, IN 46037
Contact Phone: Phone: 289-259-5131
Contact Email: Email: oliver.bailey@yahoo.com

2021-01-22 10:22:36 INFO  BasePage:64 - Filled form with:
First Name: Wilburn
Last Name: Ondricka
Date Of Birth: 10/28/2002
Service Address: 10745 SPRINGSTON CT, FISHERS
Contact Email: eugena.barton@gmail.com
Contact Phone Number: 802-881-5671
2021-01-22 10:23:02 INFO  LoginPage:61 - Filled form with:
Install Date: 01/23/2021
Install Time Choice: 8:00 AM - 10:00 AM
Service Start Dates (All): 01/23/2021
Order Placed Choice: Walk In
Order Notes: Automation

2021-01-22 10:24:13 INFO  OrderSummaryPage:39 - Subscriber Information:
Account Number: Account Number: 1630215
Name: Name: Wilburn Ondricka
Service Address: Service Address: 10745 SPRINGSTON CT, FISHERS, IN 46037
Contact Phone: Phone: 802-881-5671
Contact Email: Email: eugena.barton@gmail.com

2021-01-22 10:24:17 INFO  BasePage:64 - Filled form with:
First Name: Angel
Last Name: Kilback
Date Of Birth: 08/18/1996
Service Address: 11753 SEA STAR CIR, FISHERS
Contact Email: markita.hackett@hotmail.com
Contact Phone Number: 884-575-8158
2021-01-22 10:24:47 INFO  LoginPage:61 - Filled form with:
Install Date: 01/23/2021
Install Time Choice: 8:00 AM - 10:00 AM
Service Start Dates (All): 01/23/2021
Order Placed Choice: Walk In
Order Notes: Automation

2021-01-22 10:25:54 INFO  OrderSummaryPage:39 - Subscriber Information:
Account Number: Account Number: 1630216
Name: Name: Angel Kilback
Service Address: Service Address: 11753 SEA STAR CIR, FISHERS, IN 46037
Contact Phone: Phone: 884-575-8158
Contact Email: Email: markita.hackett@hotmail.com

2021-01-22 10:25:58 INFO  BasePage:64 - Filled form with:
First Name: Neville
Last Name: Bechtelar
Date Of Birth: 03/08/1989
Service Address: 11812 GULFSTREAM DR, FISHERS
Contact Email: armanda.langworth@hotmail.com
Contact Phone Number: 811-128-0452
2021-01-22 10:26:26 INFO  LoginPage:61 - Filled form with:
Install Date: 01/23/2021
Install Time Choice: 8:00 AM - 10:00 AM
Service Start Dates (All): 01/23/2021
Order Placed Choice: Walk In
Order Notes: Automation

2021-01-22 10:27:35 INFO  OrderSummaryPage:39 - Subscriber Information:
Account Number: Account Number: 1630217
Name: Name: Neville Bechtelar
Service Address: Service Address: 11812 GULFSTREAM DR, FISHERS, IN 46037
Contact Phone: Phone: 811-128-0452
Contact Email: Email: armanda.langworth@hotmail.com

2021-01-22 10:27:39 INFO  BasePage:64 - Filled form with:
First Name: Otha
Last Name: Abernathy
Date Of Birth: 09/13/1964
Service Address: 9709 GULFSTREAM DR, FISHERS
Contact Email: stephania.yundt@gmail.com
Contact Phone Number: 785-059-4008
2021-01-22 10:28:11 INFO  LoginPage:61 - Filled form with:
Install Date: 01/23/2021
Install Time Choice: 8:00 AM - 10:00 AM
Service Start Dates (All): 01/23/2021
Order Placed Choice: Walk In
Order Notes: Automation

2021-01-22 10:29:22 INFO  OrderSummaryPage:39 - Subscriber Information:
Account Number: Account Number: 1630218
Name: Name: Otha Abernathy
Service Address: Service Address: 9709 GULFSTREAM DR, FISHERS, IN 46037
Contact Phone: Phone: 785-059-4008
Contact Email: Email: stephania.yundt@gmail.com

2021-01-22 10:37:01 INFO  LoginPage:30 - Login with MISQA username and windyCl@ss22 password
2021-01-22 10:37:05 INFO  BasePage:64 - Filled form with:
First Name: Fred
Last Name: Gorczany
Date Of Birth: 02/06/2000
Service Address: 7552 TIMBER SPRINGS DR N, FISHERS
Contact Email: mitsuko.turner@gmail.com
Contact Phone Number: 203-953-5974
2021-01-22 10:37:39 INFO  LoginPage:61 - Filled form with:
Install Date: 01/23/2021
Install Time Choice: 8:00 AM - 10:00 AM
Service Start Dates (All): 01/23/2021
Order Placed Choice: Walk In
Order Notes: Automation

2021-01-22 10:38:47 INFO  OrderSummaryPage:39 - Subscriber Information:
Account Number: Account Number: 1630219
Name: Name: Fred Gorczany
Service Address: Service Address: 7552 TIMBER SPRINGS DR N, FISHERS, IN 46038
Contact Phone: Phone: 203-953-5974
Contact Email: Email: mitsuko.turner@gmail.com

2021-01-22 11:27:06 INFO  LoginPage:29 - Login with MISQA username and windyCl@ss22 password
2021-01-22 11:27:09 INFO  BasePage:64 - Filled form with:
First Name: Danae
Last Name: Quitzon
Date Of Birth: 05/16/1988
Service Address: 7552 TIMBER SPRINGS DR N, FISHERS
Contact Email: slyvia.ratke@yahoo.com
Contact Phone Number: 128-460-7385
2021-01-22 11:27:48 INFO  LoginPage:61 - Filled form with:
Install Date: 01/23/2021
Install Time Choice: 8:00 AM - 10:00 AM
Service Start Dates (All): 01/23/2021
Order Placed Choice: Walk In
Order Notes: Automation

2021-01-22 11:28:51 INFO  OrderSummaryPage:39 - Subscriber Information:
Account Number: Account Number: 1630227
Name: Name: Danae Quitzon
Service Address: Service Address: 7552 TIMBER SPRINGS DR N, FISHERS, IN 46038
Contact Phone: Phone: 128-460-7385
Contact Email: Email: slyvia.ratke@yahoo.com

2021-01-22 12:38:59 INFO  LoginPage:29 - Login with MISQA username and windyCl@ss22 password
2021-01-22 12:39:01 INFO  BasePage:64 - Filled form with:
First Name: Lawerence
Last Name: Hills
Date Of Birth: 01/09/1978
Service Address: 7552 TIMBER SPRINGS DR N, FISHERS
Contact Email: virgil.hilpert@yahoo.com
Contact Phone Number: 875-700-4448
2021-01-22 12:39:33 INFO  LoginPage:61 - Filled form with:
Install Date: 01/23/2021
Install Time Choice: 8:00 AM - 10:00 AM
Service Start Dates (All): 01/23/2021
Order Placed Choice: Walk In
Order Notes: Automation

2021-01-22 12:40:45 INFO  OrderSummaryPage:39 - Subscriber Information:
Account Number: Account Number: 1630232
Name: Name: Lawerence Hills
Service Address: Service Address: 7552 TIMBER SPRINGS DR N, FISHERS, IN 46038
Contact Phone: Phone: 875-700-4448
Contact Email: Email: virgil.hilpert@yahoo.com

2021-01-22 12:40:49 INFO  BasePage:64 - Filled form with:
First Name: Emanuel
Last Name: Kreiger
Date Of Birth: 05/18/1988
Service Address: 104 APPLE TREE CT, FISHERS
Contact Email: stacy.adams@gmail.com
Contact Phone Number: 835-989-8924
2021-01-22 12:41:24 INFO  LoginPage:61 - Filled form with:
Install Date: 01/23/2021
Install Time Choice: 8:00 AM - 10:00 AM
Service Start Dates (All): 01/23/2021
Order Placed Choice: Walk In
Order Notes: Automation

2021-01-22 12:42:33 INFO  OrderSummaryPage:39 - Subscriber Information:
Account Number: Account Number: 1630233
Name: Name: Emanuel Kreiger
Service Address: Service Address: 104 APPLE TREE CT, FISHERS, IN 46038
Contact Phone: Phone: 835-989-8924
Contact Email: Email: stacy.adams@gmail.com

2021-01-22 12:42:37 INFO  BasePage:64 - Filled form with:
First Name: Micheal
Last Name: Blanda
Date Of Birth: 05/22/1977
Service Address: 9216 CROSSING DR, FISHERS
Contact Email: elliott.welch@hotmail.com
Contact Phone Number: 168-151-2424
2021-01-22 12:43:04 INFO  LoginPage:61 - Filled form with:
Install Date: 01/23/2021
Install Time Choice: 8:00 AM - 10:00 AM
Service Start Dates (All): 01/23/2021
Order Placed Choice: Walk In
Order Notes: Automation

2021-01-22 12:44:14 INFO  OrderSummaryPage:39 - Subscriber Information:
Account Number: Account Number: 1630235
Name: Name: Micheal Blanda
Service Address: Service Address: 9216 CROSSING DR, FISHERS, IN 46037
Contact Phone: Phone: 168-151-2424
Contact Email: Email: elliott.welch@hotmail.com

2021-01-22 12:44:18 INFO  BasePage:64 - Filled form with:
First Name: Devon
Last Name: Yundt
Date Of Birth: 01/14/1978
Service Address: 11147 KNIGHTSBRIDGE LN, FISHERS
Contact Email: adalberto.marquardt@hotmail.com
Contact Phone Number: 040-626-1308
2021-01-22 12:44:53 INFO  LoginPage:61 - Filled form with:
Install Date: 01/23/2021
Install Time Choice: 8:00 AM - 10:00 AM
Service Start Dates (All): 01/23/2021
Order Placed Choice: Walk In
Order Notes: Automation

2021-01-22 12:45:30 INFO  OrderSummaryPage:39 - Subscriber Information:
Account Number: Account Number: 1630236
Name: Name: Devon Yundt
Service Address: Service Address: 11147 KNIGHTSBRIDGE LN, FISHERS, IN 46037
Contact Phone: Phone: 406261308
Contact Email: Email: adalberto.marquardt@hotmail.com

2021-01-22 12:45:37 INFO  BasePage:64 - Filled form with:
First Name: Claudine
Last Name: Nolan
Date Of Birth: 07/16/1966
Service Address: 10339 BOXWOOD CT, FISHERS
Contact Email: madlyn.erdman@gmail.com
Contact Phone Number: 447-018-6266
2021-01-22 12:46:07 INFO  LoginPage:61 - Filled form with:
Install Date: 01/23/2021
Install Time Choice: 8:00 AM - 10:00 AM
Service Start Dates (All): 01/23/2021
Order Placed Choice: Walk In
Order Notes: Automation

2021-01-22 12:47:15 INFO  OrderSummaryPage:39 - Subscriber Information:
Account Number: Account Number: 1630238
Name: Name: Claudine Nolan
Service Address: Service Address: 10339 BOXWOOD CT, FISHERS, IN 46037
Contact Phone: Phone: 447-018-6266
Contact Email: Email: madlyn.erdman@gmail.com

2021-01-22 12:47:19 INFO  BasePage:64 - Filled form with:
First Name: Despina
Last Name: Mohr
Date Of Birth: 08/08/1976
Service Address: 10603 BRIXTON LN, FISHERS
Contact Email: salvatore.dickens@gmail.com
Contact Phone Number: 885-069-5576
